<?xml version="1.0" encoding="UTF-8"?>
<testsuite xmlns:xsi="http://www.w3.org/2001/XMLSchema-instance" xsi:noNamespaceSchemaLocation="https://maven.apache.org/surefire/maven-surefire-plugin/xsd/surefire-test-report.xsd" name="dev.suyashjoshi.creativecode.AppTest" time="0.012" tests="1" errors="0" skipped="0" failures="0">
  <properties>
    <property name="java.specification.version" value="17"/>
    <property name="sun.jnu.encoding" value="UTF-8"/>
    <property name="java.class.path" value="/Users/sj/Code/ProcessingInJava/p4j/target/test-classes:/Users/sj/Code/ProcessingInJava/p4j/target/classes:/Users/sj/.m2/repository/junit/junit/4.11/junit-4.11.jar:/Users/sj/.m2/repository/org/hamcrest/hamcrest-core/1.3/hamcrest-core-1.3.jar:/Users/sj/.m2/repository/com/github/micycle1/processing-core-4/4.0b6c/processing-core-4-4.0b6c.jar:/Users/sj/.m2/repository/org/openjfx/javafx-controls/17.0.2/javafx-controls-17.0.2.jar:/Users/sj/.m2/repository/org/openjfx/javafx-controls/17.0.2/javafx-controls-17.0.2-mac-aarch64.jar:/Users/sj/.m2/repository/org/openjfx/javafx-graphics/17.0.2/javafx-graphics-17.0.2.jar:/Users/sj/.m2/repository/org/openjfx/javafx-graphics/17.0.2/javafx-graphics-17.0.2-mac-aarch64.jar:/Users/sj/.m2/repository/org/openjfx/javafx-base/17.0.2/javafx-base-17.0.2.jar:/Users/sj/.m2/repository/org/openjfx/javafx-base/17.0.2/javafx-base-17.0.2-mac-aarch64.jar:/Users/sj/.m2/repository/me/friwi/jogl-all/v2.4.0-rc-20210111/jogl-all-v2.4.0-rc-20210111.jar:/Users/sj/.m2/repository/me/friwi/gluegen-rt/v2.4.0-rc-20210111/gluegen-rt-v2.4.0-rc-20210111.jar:"/>
    <property name="java.vm.vendor" value="Oracle Corporation"/>
    <property name="sun.arch.data.model" value="64"/>
    <property name="java.vendor.url" value="https://java.oracle.com/"/>
    <property name="os.name" value="Mac OS X"/>
    <property name="java.vm.specification.version" value="17"/>
    <property name="sun.java.launcher" value="SUN_STANDARD"/>
    <property name="user.country" value="US"/>
    <property name="sun.boot.library.path" value="/Library/Java/JavaVirtualMachines/jdk-17.0.4.jdk/Contents/Home/lib"/>
    <property name="sun.java.command" value="/Users/sj/Code/ProcessingInJava/p4j/target/surefire/surefirebooter16336985132524012224.jar /Users/sj/Code/ProcessingInJava/p4j/target/surefire 2022-08-05T02-39-43_427-jvmRun1 surefire17868701089025112797tmp surefire_04720515482642908125tmp"/>
    <property name="http.nonProxyHosts" value="local|*.local|169.254/16|*.169.254/16"/>
    <property name="jdk.debug" value="release"/>
    <property name="surefire.test.class.path" value="/Users/sj/Code/ProcessingInJava/p4j/target/test-classes:/Users/sj/Code/ProcessingInJava/p4j/target/classes:/Users/sj/.m2/repository/junit/junit/4.11/junit-4.11.jar:/Users/sj/.m2/repository/org/hamcrest/hamcrest-core/1.3/hamcrest-core-1.3.jar:/Users/sj/.m2/repository/com/github/micycle1/processing-core-4/4.0b6c/processing-core-4-4.0b6c.jar:/Users/sj/.m2/repository/org/openjfx/javafx-controls/17.0.2/javafx-controls-17.0.2.jar:/Users/sj/.m2/repository/org/openjfx/javafx-controls/17.0.2/javafx-controls-17.0.2-mac-aarch64.jar:/Users/sj/.m2/repository/org/openjfx/javafx-graphics/17.0.2/javafx-graphics-17.0.2.jar:/Users/sj/.m2/repository/org/openjfx/javafx-graphics/17.0.2/javafx-graphics-17.0.2-mac-aarch64.jar:/Users/sj/.m2/repository/org/openjfx/javafx-base/17.0.2/javafx-base-17.0.2.jar:/Users/sj/.m2/repository/org/openjfx/javafx-base/17.0.2/javafx-base-17.0.2-mac-aarch64.jar:/Users/sj/.m2/repository/me/friwi/jogl-all/v2.4.0-rc-20210111/jogl-all-v2.4.0-rc-20210111.jar:/Users/sj/.m2/repository/me/friwi/gluegen-rt/v2.4.0-rc-20210111/gluegen-rt-v2.4.0-rc-20210111.jar:"/>
    <property name="sun.cpu.endian" value="little"/>
    <property name="user.home" value="/Users/sj"/>
    <property name="user.language" value="en"/>
    <property name="java.specification.vendor" value="Oracle Corporation"/>
    <property name="java.version.date" value="2022-07-19"/>
    <property name="java.home" value="/Library/Java/JavaVirtualMachines/jdk-17.0.4.jdk/Contents/Home"/>
    <property name="file.separator" value="/"/>
    <property name="basedir" value="/Users/sj/Code/ProcessingInJava/p4j"/>
    <property name="java.vm.compressedOopsMode" value="Zero based"/>
    <property name="line.separator" value="&#10;"/>
    <property name="java.specification.name" value="Java Platform API Specification"/>
    <property name="java.vm.specification.vendor" value="Oracle Corporation"/>
    <property name="surefire.real.class.path" value="/Users/sj/Code/ProcessingInJava/p4j/target/surefire/surefirebooter16336985132524012224.jar"/>
    <property name="sun.management.compiler" value="HotSpot 64-Bit Tiered Compilers"/>
    <property name="ftp.nonProxyHosts" value="local|*.local|169.254/16|*.169.254/16"/>
    <property name="java.runtime.version" value="17.0.4+11-LTS-179"/>
    <property name="user.name" value="sj"/>
    <property name="path.separator" value=":"/>
    <property name="os.version" value="12.5"/>
    <property name="java.runtime.name" value="Java(TM) SE Runtime Environment"/>
    <property name="file.encoding" value="UTF-8"/>
    <property name="java.vm.name" value="Java HotSpot(TM) 64-Bit Server VM"/>
    <property name="localRepository" value="/Users/sj/.m2/repository"/>
    <property name="java.vendor.url.bug" value="https://bugreport.java.com/bugreport/"/>
    <property name="java.io.tmpdir" value="/var/folders/ry/zrkt7c014px4jpn6r7yxcqcc0000gn/T/"/>
    <property name="java.version" value="17.0.4"/>
    <property name="user.dir" value="/Users/sj/Code/ProcessingInJava/p4j"/>
    <property name="os.arch" value="aarch64"/>
    <property name="java.vm.specification.name" value="Java Virtual Machine Specification"/>
    <property name="native.encoding" value="UTF-8"/>
    <property name="java.library.path" value="/Users/sj/Library/Java/Extensions:/Library/Java/Extensions:/Network/Library/Java/Extensions:/System/Library/Java/Extensions:/usr/lib/java:."/>
    <property name="java.vm.info" value="mixed mode, sharing"/>
    <property name="java.vendor" value="Oracle Corporation"/>
    <property name="java.vm.version" value="17.0.4+11-LTS-179"/>
    <property name="sun.io.unicode.encoding" value="UnicodeBig"/>
    <property name="socksNonProxyHosts" value="local|*.local|169.254/16|*.169.254/16"/>
    <property name="java.class.version" value="61.0"/>
  </properties>
  <testcase name="shouldAnswerWithTrue" classname="dev.suyashjoshi.creativecode.AppTest" time="0"/>
</testsuite>